2016-10-06 15:08:48,882 - login - INFO - User 005 login success! - [login_bank.py:41]
2016-10-06 15:08:48,930 - pay - INFO - User 005 pay 10 in market! - [atm.py:113]
2016-10-06 15:08:48,930 - login - INFO - User 005 logout! - [login_bank.py:65]
2016-10-06 15:09:23,246 - login - INFO - User 005 login success! - [login_bank.py:41]
2016-10-06 15:09:58,976 - login - INFO - User 005 login success! - [login_bank.py:41]
2016-10-06 15:10:04,101 - get_cash - INFO - User 005 get 1000! - [atm.py:64]
2016-10-06 15:10:12,673 - back_money - INFO - User 005 back 10! - [atm.py:141]
2016-10-06 15:11:10,696 - login - INFO - User 005 login success! - [login_bank.py:41]
2016-10-06 15:11:23,144 - forward - INFO - User 005 forward 400 to 004! - [atm.py:90]
2016-10-06 15:11:26,766 - login - INFO - User 005 logout! - [login_bank.py:65]
2016-10-06 15:12:45,673 - login - INFO - User 005 login success! - [login_bank.py:41]
2016-10-06 15:12:48,723 - get_cash - INFO - User 005 get 100! - [atm.py:64]
2016-10-06 15:56:32,673 - login - INFO - User 001 login success! - [login_bank.py:41]
2016-10-06 16:03:26,346 - login - INFO - User 005 login success! - [login_bank.py:41]
2016-10-06 16:06:36,915 - login - INFO - User 005 login success! - [login_bank.py:41]
2016-10-06 16:08:08,292 - login - INFO - User 005 login success! - [login_bank.py:41]
2016-10-06 16:08:49,759 - login - INFO - User 005 login success! - [login_bank.py:41]
2016-10-06 16:10:02,950 - login - INFO - User 005 login success! - [login_bank.py:41]
2016-10-06 16:11:30,140 - login - INFO - User 005 login success! - [login_bank.py:41]
2016-10-06 16:14:13,135 - login - INFO - User 005 login success! - [login_bank.py:41]
2016-10-06 16:14:15,961 - get_cash - INFO - User 005 get 100! - [atm.py:74]
2016-10-06 16:14:50,351 - back_money - INFO - User 005 back 100! - [atm.py:161]
2016-10-06 16:21:04,789 - login - INFO - User 005 login success! - [login_bank.py:41]
